#
# There is insufficient memory for the Java Runtime Environment to continue.
# Native memory allocation (mmap) failed to map 65536 bytes for Failed to commit metaspace.
# Possible reasons:
#   The system is out of physical RAM or swap space
#   The process is running with CompressedOops enabled, and the Java Heap may be blocking the growth of the native heap
# Possible solutions:
#   Reduce memory load on the system
#   Increase physical memory or swap space
#   Check if swap backing store is full
#   Decrease Java heap size (-Xmx/-Xms)
#   Decrease number of Java threads
#   Decrease Java thread stack sizes (-Xss)
#   Set larger code cache with -XX:ReservedCodeCacheSize=
#   JVM is running with Unscaled Compressed Oops mode in which the Java heap is
#     placed in the first 4GB address space. The Java Heap base address is the
#     maximum limit for the native heap growth. Please use -XX:HeapBaseMinAddress
#     to set the Java Heap base and to place the Java Heap above 4GB virtual address.
# This output file may be truncated or incomplete.
#
#  Out of Memory Error (virtualSpaceNode.cpp:110), pid=4916, tid=15560
#
# JRE version: Java(TM) SE Runtime Environment (17.0.7+8) (build 17.0.7+8-LTS-224)
# Java VM: Java HotSpot(TM) 64-Bit Server VM (17.0.7+8-LTS-224, mixed mode, emulated-client, sharing, tiered, compressed oops, compressed class ptrs, g1 gc, windows-amd64)
# No core dump will be written. Minidumps are not enabled by default on client versions of Windows
#

---------------  S U M M A R Y ------------

Command Line: -Dcom.sun.management.jmxremote -Dcom.sun.management.jmxremote.port=50202 -Dcom.sun.management.jmxremote.authenticate=false -Dcom.sun.management.jmxremote.ssl=false -Djava.rmi.server.hostname=localhost -Dspring.jmx.enabled=true -Dmanagement.endpoints.jmx.exposure.include=* -Dspring.application.admin.enabled=true -XX:TieredStopAtLevel=1 -Dspring.boot.project.name=forFresher.in -Dfile.encoding=UTF-8 -Dstdout.encoding=UTF-8 -Dstderr.encoding=UTF-8 -XX:+ShowCodeDetailsInExceptionMessages in.forFresher.Application --spring.output.ansi.enabled=always

Host: AMD PRO A4-4350B R4, 5 COMPUTE CORES 2C+3G     , 2 cores, 3G,  Windows 10 , 64 bit Build 19041 (10.0.19041.4842)
Time: Mon Sep 23 11:08:51 2024 India Standard Time elapsed time: 16.551664 seconds (0d 0h 0m 16s)

---------------  T H R E A D  ---------------

Current thread (0x000002378aa9b220):  JavaThread "restartedMain" [_thread_in_vm, id=15560, stack(0x000000e59e600000,0x000000e59e700000)]

Stack: [0x000000e59e600000,0x000000e59e700000]
Native frames: (J=compiled Java code, j=interpreted, Vv=VM code, C=native code)
V  [jvm.dll+0x676a4a]
V  [jvm.dll+0x7d74f4]
V  [jvm.dll+0x7d8c9e]
V  [jvm.dll+0x7d9303]
V  [jvm.dll+0x2452c5]
V  [jvm.dll+0x7d35fb]
V  [jvm.dll+0x61ca36]
V  [jvm.dll+0x1bfbf7]
V  [jvm.dll+0x61f390]
V  [jvm.dll+0x61d3f6]
V  [jvm.dll+0x6270f7]
V  [jvm.dll+0x1e96ad]
V  [jvm.dll+0x1e9c75]
V  [jvm.dll+0x1ea5bb]
V  [jvm.dll+0x1dfdc1]
V  [jvm.dll+0x53cf0c]
V  [jvm.dll+0x752158]
V  [jvm.dll+0x752244]
V  [jvm.dll+0x40b12f]
V  [jvm.dll+0x411149]
C  [java.dll+0x17ec]

Java frames: (J=compiled Java code, j=interpreted, Vv=VM code)
J 1245  java.lang.ClassLoader.defineClass1(Ljava/lang/ClassLoader;Ljava/lang/String;[BIILjava/security/ProtectionDomain;Ljava/lang/String;)Ljava/lang/Class; java.base@17.0.7 (0 bytes) @ 0x00000237fb00ebe3 [0x00000237fb00eb20+0x00000000000000c3]
J 1291 c1 java.lang.ClassLoader.defineClass(Ljava/lang/String;[BIILjava/security/ProtectionDomain;)Ljava/lang/Class; java.base@17.0.7 (43 bytes) @ 0x00000237fb0267dc [0x00000237fb0266e0+0x00000000000000fc]
J 1276 c1 jdk.internal.loader.BuiltinClassLoader.defineClass(Ljava/lang/String;Ljdk/internal/loader/Resource;)Ljava/lang/Class; java.base@17.0.7 (121 bytes) @ 0x00000237fb020be4 [0x00000237fb020720+0x00000000000004c4]
J 1273 c1 jdk.internal.loader.BuiltinClassLoader.findClassOnClassPathOrNull(Ljava/lang/String;)Ljava/lang/Class; java.base@17.0.7 (64 bytes) @ 0x00000237fb01e634 [0x00000237fb01e380+0x00000000000002b4]
J 1081 c1 jdk.internal.loader.BuiltinClassLoader.loadClassOrNull(Ljava/lang/String;Z)Ljava/lang/Class; java.base@17.0.7 (143 bytes) @ 0x00000237fafc62dc [0x00000237fafc5e80+0x000000000000045c]
J 1206 c1 jdk.internal.loader.ClassLoaders$AppClassLoader.loadClass(Ljava/lang/String;Z)Ljava/lang/Class; java.base@17.0.7 (40 bytes) @ 0x00000237fb001ca4 [0x00000237fb001b60+0x0000000000000144]
J 1203 c1 java.lang.ClassLoader.loadClass(Ljava/lang/String;)Ljava/lang/Class; java.base@17.0.7 (7 bytes) @ 0x00000237fb000de4 [0x00000237fb000da0+0x0000000000000044]
v  ~StubRoutines::call_stub
J 3153  java.lang.Class.getDeclaredMethods0(Z)[Ljava/lang/reflect/Method; java.base@17.0.7 (0 bytes) @ 0x00000237fb3236e3 [0x00000237fb3236a0+0x0000000000000043]
J 1013 c1 java.lang.Class.privateGetDeclaredMethods(Z)[Ljava/lang/reflect/Method; java.base@17.0.7 (64 bytes) @ 0x00000237fafa5a9c [0x00000237fafa5a00+0x000000000000009c]
J 3555 c1 org.springframework.util.ReflectionUtils.getDeclaredMethods(Ljava/lang/Class;Z)[Ljava/lang/reflect/Method; (183 bytes) @ 0x00000237fb3c8e54 [0x00000237fb3c8d60+0x00000000000000f4]
j  org.springframework.util.ReflectionUtils.doWithLocalMethods(Ljava/lang/Class;Lorg/springframework/util/ReflectionUtils$MethodCallback;)V+2
j  org.springframework.orm.jpa.support.PersistenceAnnotationBeanPostProcessor.buildPersistenceMetadata(Ljava/lang/Class;)Lorg/springframework/beans/factory/annotation/InjectionMetadata;+69
j  org.springframework.orm.jpa.support.PersistenceAnnotationBeanPostProcessor.findPersistenceMetadata(Ljava/lang/String;Ljava/lang/Class;Lorg/springframework/beans/PropertyValues;)Lorg/springframework/beans/factory/annotation/InjectionMetadata;+88
j  org.springframework.orm.jpa.support.PersistenceAnnotationBeanPostProcessor.findInjectionMetadata(Lorg/springframework/beans/factory/support/RootBeanDefinition;Ljava/lang/Class;Ljava/lang/String;)Lorg/springframework/beans/factory/annotation/InjectionMetadata;+4
j  org.springframework.orm.jpa.support.PersistenceAnnotationBeanPostProcessor.postProcessMergedBeanDefinition(Lorg/springframework/beans/factory/support/RootBeanDefinition;Ljava/lang/Class;Ljava/lang/String;)V+4
j  org.springframework.beans.factory.support.AbstractAutowireCapableBeanFactory.applyMergedBeanDefinitionPostProcessors(Lorg/springframework/beans/factory/support/RootBeanDefinition;Ljava/lang/Class;Ljava/lang/String;)V+41
j  org.springframework.beans.factory.support.AbstractAutowireCapableBeanFactory.doCreateBean(Ljava/lang/String;Lorg/springframework/beans/factory/support/RootBeanDefinition;[Ljava/lang/Object;)Ljava/lang/Object;+91
j  org.springframework.beans.factory.support.AbstractAutowireCapableBeanFactory.createBean(Ljava/lang/String;Lorg/springframework/beans/factory/support/RootBeanDefinition;[Ljava/lang/Object;)Ljava/lang/Object;+153
j  org.springframework.beans.factory.support.AbstractBeanFactory.lambda$doGetBean$0(Ljava/lang/String;Lorg/springframework/beans/factory/support/RootBeanDefinition;[Ljava/lang/Object;)Ljava/lang/Object;+4
j  org.springframework.beans.factory.support.AbstractBeanFactory$$Lambda$385+0x0000000800e457d0.getObject()Ljava/lang/Object;+16
j  org.springframework.beans.factory.support.DefaultSingletonBeanRegistry.getSingleton(Ljava/lang/String;Lorg/springframework/beans/factory/ObjectFactory;)Ljava/lang/Object;+114
J 2907 c1 org.springframework.beans.factory.support.AbstractBeanFactory.doGetBean(Ljava/lang/String;Ljava/lang/Class;[Ljava/lang/Object;Z)Ljava/lang/Object; (740 bytes) @ 0x00000237fb2bea44 [0x00000237fb2be480+0x00000000000005c4]
J 2911 c1 org.springframework.beans.factory.support.AbstractBeanFactory.getBean(Ljava/lang/String;Ljava/lang/Class;)Ljava/lang/Object; (9 bytes) @ 0x00000237fb2c3064 [0x00000237fb2c3020+0x0000000000000044]
j  org.springframework.boot.web.servlet.context.ServletWebServerApplicationContext.getWebServerFactory()Lorg/springframework/boot/web/servlet/server/ServletWebServerFactory;+66
j  org.springframework.boot.web.servlet.context.ServletWebServerApplicationContext.createWebServer()V+31
j  org.springframework.boot.web.servlet.context.ServletWebServerApplicationContext.onRefresh()V+5
j  org.springframework.context.support.AbstractApplicationContext.refresh()V+85
j  org.springframework.boot.web.servlet.context.ServletWebServerApplicationContext.refresh()V+1
j  org.springframework.boot.SpringApplication.refresh(Lorg/springframework/context/ConfigurableApplicationContext;)V+1
j  org.springframework.boot.SpringApplication.refreshContext(Lorg/springframework/context/ConfigurableApplicationContext;)V+16
j  org.springframework.boot.SpringApplication.run([Ljava/lang/String;)Lorg/springframework/context/ConfigurableApplicationContext;+110
j  org.springframework.boot.SpringApplication.run([Ljava/lang/Class;[Ljava/lang/String;)Lorg/springframework/context/ConfigurableApplicationContext;+9
j  org.springframework.boot.SpringApplication.run(Ljava/lang/Class;[Ljava/lang/String;)Lorg/springframework/context/ConfigurableApplicationContext;+9
j  in.forFresher.Application.main([Ljava/lang/String;)V+3
v  ~StubRoutines::call_stub
j  jdk.internal.reflect.NativeMethodAccessorImpl.invoke0(Ljava/lang/reflect/Method;Ljava/lang/Object;[Ljava/lang/Object;)Ljava/lang/Object;+0 java.base@17.0.7
j  jdk.internal.reflect.NativeMethodAccessorImpl.invoke(Ljava/lang/Object;[Ljava/lang/Object;)Ljava/lang/Object;+133 java.base@17.0.7
j  jdk.internal.reflect.DelegatingMethodAccessorImpl.invoke(Ljava/lang/Object;[Ljava/lang/Object;)Ljava/lang/Object;+6 java.base@17.0.7
j  java.lang.reflect.Method.invoke(Ljava/lang/Object;[Ljava/lang/Object;)Ljava/lang/Object;+59 java.base@17.0.7
j  org.springframework.boot.devtools.restart.RestartLauncher.run()V+47
v  ~StubRoutines::call_stub

---------------  P R O C E S S  ---------------

Threads class SMR info:
_java_thread_list=0x000002378bdf6e60, length=21, elements={
0x00000237fabe6210, 0x00000237fac9ac20, 0x00000237fac9c640, 0x00000237faca95b0,
0x00000237facaa330, 0x00000237facadd10, 0x00000237facae5d0, 0x00000237ffeadf80,
0x00000237ffedef30, 0x00000237fff8e6c0, 0x000002378a10b6c0, 0x000002378a14d700,
0x000002378a6ab140, 0x000002378a78a010, 0x000002378a78a930, 0x000002378a78ae00,
0x000002378a7aaae0, 0x000002378a7aafb0, 0x000002378a7bc830, 0x000002378aa9ad50,
0x000002378aa9b220
}

Java Threads: ( => current thread )
  0x00000237fabe6210 JavaThread "main" [_thread_blocked, id=11664, stack(0x000000e59ca00000,0x000000e59cb00000)]
  0x00000237fac9ac20 JavaThread "Reference Handler" daemon [_thread_blocked, id=9604, stack(0x000000e59d100000,0x000000e59d200000)]
  0x00000237fac9c640 JavaThread "Finalizer" daemon [_thread_blocked, id=15264, stack(0x000000e59d200000,0x000000e59d300000)]
  0x00000237faca95b0 JavaThread "Signal Dispatcher" daemon [_thread_blocked, id=3412, stack(0x000000e59d300000,0x000000e59d400000)]
  0x00000237facaa330 JavaThread "Attach Listener" daemon [_thread_blocked, id=15656, stack(0x000000e59d400000,0x000000e59d500000)]
  0x00000237facadd10 JavaThread "Service Thread" daemon [_thread_blocked, id=15844, stack(0x000000e59d500000,0x000000e59d600000)]
  0x00000237facae5d0 JavaThread "Monitor Deflation Thread" daemon [_thread_blocked, id=10020, stack(0x000000e59d600000,0x000000e59d700000)]
  0x00000237ffeadf80 JavaThread "C1 CompilerThread0" daemon [_thread_blocked, id=7960, stack(0x000000e59d700000,0x000000e59d800000)]
  0x00000237ffedef30 JavaThread "Sweeper thread" daemon [_thread_blocked, id=10672, stack(0x000000e59d800000,0x000000e59d900000)]
  0x00000237fff8e6c0 JavaThread "Common-Cleaner" daemon [_thread_blocked, id=4316, stack(0x000000e59d900000,0x000000e59da00000)]
  0x000002378a10b6c0 JavaThread "C1 CompilerThread1" daemon [_thread_blocked, id=12540, stack(0x000000e59da00000,0x000000e59db00000)]
  0x000002378a14d700 JavaThread "Notification Thread" daemon [_thread_blocked, id=13192, stack(0x000000e59db00000,0x000000e59dc00000)]
  0x000002378a6ab140 JavaThread "RMI TCP Accept-0" daemon [_thread_in_native, id=4972, stack(0x000000e59dd00000,0x000000e59de00000)]
  0x000002378a78a010 JavaThread "RMI TCP Accept-50202" daemon [_thread_in_native, id=2552, stack(0x000000e59de00000,0x000000e59df00000)]
  0x000002378a78a930 JavaThread "RMI TCP Connection(1)-127.0.0.1" daemon [_thread_in_native, id=8840, stack(0x000000e59df00000,0x000000e59e000000)]
  0x000002378a78ae00 JavaThread "RMI TCP Accept-0" daemon [_thread_in_native, id=7560, stack(0x000000e59e000000,0x000000e59e100000)]
  0x000002378a7aaae0 JavaThread "RMI Scheduler(0)" daemon [_thread_blocked, id=4704, stack(0x000000e59e200000,0x000000e59e300000)]
  0x000002378a7aafb0 JavaThread "RMI TCP Connection(2)-127.0.0.1" daemon [_thread_in_native, id=12996, stack(0x000000e59e300000,0x000000e59e400000)]
  0x000002378a7bc830 JavaThread "JMX server connection timeout 20" daemon [_thread_blocked, id=12640, stack(0x000000e59e400000,0x000000e59e500000)]
  0x000002378aa9ad50 JavaThread "Thread-0" [_thread_blocked, id=7660, stack(0x000000e59e500000,0x000000e59e600000)]
=>0x000002378aa9b220 JavaThread "restartedMain" [_thread_in_vm, id=15560, stack(0x000000e59e600000,0x000000e59e700000)]

Other Threads:
  0x00000237fac940b0 VMThread "VM Thread" [stack: 0x000000e59d000000,0x000000e59d100000] [id=11176] _threads_hazard_ptr=0x000002378bdf6e60
  0x000002378a6ad740 WatcherThread [stack: 0x000000e59e100000,0x000000e59e200000] [id=2824]
  0x00000237fac21b50 GCTaskThread "GC Thread#0" [stack: 0x000000e59cb00000,0x000000e59cc00000] [id=14784]
  0x000002378a509450 GCTaskThread "GC Thread#1" [stack: 0x000000e59dc00000,0x000000e59dd00000] [id=12068]
  0x00000237fac2b4b0 ConcurrentGCThread "G1 Main Marker" [stack: 0x000000e59cc00000,0x000000e59cd00000] [id=7804]
  0x00000237fac2d6c0 ConcurrentGCThread "G1 Conc#0" [stack: 0x000000e59cd00000,0x000000e59ce00000] [id=9184]
  0x00000237fac5f260 ConcurrentGCThread "G1 Refine#0" [stack: 0x000000e59ce00000,0x000000e59cf00000] [id=10072]
  0x00000237fac60470 ConcurrentGCThread "G1 Service" [stack: 0x000000e59cf00000,0x000000e59d000000] [id=10272]

Threads with active compile tasks:

VM state: synchronizing (normal execution)

VM Mutex/Monitor currently owned by a thread:  ([mutex/lock_event])
[0x00000237fabe1da0] Metaspace_lock - owner thread: 0x000002378aa9b220
[0x00000237fabe3470] Threads_lock - owner thread: 0x00000237fac940b0

Heap address: 0x00000000c2800000, size: 984 MB, Compressed Oops mode: 32-bit

CDS archive(s) mapped at: [0x0000000800000000-0x0000000800bd0000-0x0000000800bd0000), size 12386304, SharedBaseAddress: 0x0000000800000000, ArchiveRelocationMode: 0.
Compressed class space mapped at: 0x0000000800c00000-0x0000000840c00000, reserved size: 1073741824
Narrow klass base: 0x0000000800000000, Narrow klass shift: 0, Narrow klass range: 0x100000000

GC Precious Log:
 CPUs: 2 total, 2 available
 Memory: 3935M
 Large Page Support: Disabled
 NUMA Support: Disabled
 Compressed Oops: Enabled (32-bit)
 Heap Region Size: 1M
 Heap Min Capacity: 8M
 Heap Initial Capacity: 62M
 Heap Max Capacity: 984M
 Pre-touch: Disabled
 Parallel Workers: 2
 Concurrent Workers: 1
 Concurrent Refinement Workers: 2
 Periodic GC: Disabled

Heap:
 garbage-first heap   total 58368K, used 28633K [0x00000000c2800000, 0x0000000100000000)
  region size 1024K, 15 young (15360K), 3 survivors (3072K)
 Metaspace       used 26507K, committed 26880K, reserved 1073152K
  class space    used 3716K, committed 3904K, reserved 1048576K

Heap Regions: E=young(eden), S=young(survivor), O=old, HS=humongous(starts), HC=humongous(continues), CS=collection set, F=free, OA=open archive, CA=closed archive, TAMS=top-at-mark-start (previous, next)
|   0|0x00000000c2800000, 0x00000000c2900000, 0x00000000c2900000|100%|HS|  |TAMS 0x00000000c2900000, 0x00000000c2800000| Complete 
|   1|0x00000000c2900000, 0x00000000c2a00000, 0x00000000c2a00000|100%| O|  |TAMS 0x00000000c2a00000, 0x00000000c2900000| Untracked 
|   2|0x00000000c2a00000, 0x00000000c2b00000, 0x00000000c2b00000|100%| O|  |TAMS 0x00000000c2b00000, 0x00000000c2a00000| Untracked 
|   3|0x00000000c2b00000, 0x00000000c2c00000, 0x00000000c2c00000|100%| O|  |TAMS 0x00000000c2c00000, 0x00000000c2b00000| Untracked 
|   4|0x00000000c2c00000, 0x00000000c2d00000, 0x00000000c2d00000|100%| O|  |TAMS 0x00000000c2d00000, 0x00000000c2c00000| Untracked 
|   5|0x00000000c2d00000, 0x00000000c2e00000, 0x00000000c2e00000|100%| O|  |TAMS 0x00000000c2e00000, 0x00000000c2d00000| Untracked 
|   6|0x00000000c2e00000, 0x00000000c2f00000, 0x00000000c2f00000|100%| O|  |TAMS 0x00000000c2f00000, 0x00000000c2e00000| Untracked 
|   7|0x00000000c2f00000, 0x00000000c3000000, 0x00000000c3000000|100%| O|  |TAMS 0x00000000c3000000, 0x00000000c2f00000| Untracked 
|   8|0x00000000c3000000, 0x00000000c3100000, 0x00000000c3100000|100%| O|  |TAMS 0x00000000c3100000, 0x00000000c3000000| Untracked 
|   9|0x00000000c3100000, 0x00000000c3200000, 0x00000000c3200000|100%| O|  |TAMS 0x00000000c3200000, 0x00000000c3100000| Untracked 
|  10|0x00000000c3200000, 0x00000000c3300000, 0x00000000c3300000|100%| O|  |TAMS 0x00000000c3300000, 0x00000000c3200000| Untracked 
|  11|0x00000000c3300000, 0x00000000c3400000, 0x00000000c3400000|100%| O|  |TAMS 0x00000000c3400000, 0x00000000c3300000| Untracked 
|  12|0x00000000c3400000, 0x00000000c3500000, 0x00000000c3500000|100%| O|  |TAMS 0x00000000c3424e00, 0x00000000c3400000| Untracked 
|  13|0x00000000c3500000, 0x00000000c3600000, 0x00000000c3600000|100%| O|  |TAMS 0x00000000c3500000, 0x00000000c3500000| Untracked 
|  14|0x00000000c3600000, 0x00000000c365de00, 0x00000000c3700000| 36%| O|  |TAMS 0x00000000c3600000, 0x00000000c3600000| Untracked 
|  15|0x00000000c3700000, 0x00000000c3700000, 0x00000000c3800000|  0%| F|  |TAMS 0x00000000c3700000, 0x00000000c3700000| Untracked 
|  16|0x00000000c3800000, 0x00000000c3800000, 0x00000000c3900000|  0%| F|  |TAMS 0x00000000c3800000, 0x00000000c3800000| Untracked 
|  17|0x00000000c3900000, 0x00000000c3900000, 0x00000000c3a00000|  0%| F|  |TAMS 0x00000000c3900000, 0x00000000c3900000| Untracked 
|  18|0x00000000c3a00000, 0x00000000c3a00000, 0x00000000c3b00000|  0%| F|  |TAMS 0x00000000c3a00000, 0x00000000c3a00000| Untracked 
|  19|0x00000000c3b00000, 0x00000000c3b00000, 0x00000000c3c00000|  0%| F|  |TAMS 0x00000000c3b00000, 0x00000000c3b00000| Untracked 
|  20|0x00000000c3c00000, 0x00000000c3c00000, 0x00000000c3d00000|  0%| F|  |TAMS 0x00000000c3c00000, 0x00000000c3c00000| Untracked 
|  21|0x00000000c3d00000, 0x00000000c3d00000, 0x00000000c3e00000|  0%| F|  |TAMS 0x00000000c3d00000, 0x00000000c3d00000| Untracked 
|  22|0x00000000c3e00000, 0x00000000c3e98850, 0x00000000c3f00000| 59%| S|CS|TAMS 0x00000000c3e00000, 0x00000000c3e00000| Complete 
|  23|0x00000000c3f00000, 0x00000000c4000000, 0x00000000c4000000|100%| S|CS|TAMS 0x00000000c3f00000, 0x00000000c3f00000| Complete 
|  24|0x00000000c4000000, 0x00000000c4100000, 0x00000000c4100000|100%| S|CS|TAMS 0x00000000c4000000, 0x00000000c4000000| Complete 
|  25|0x00000000c4100000, 0x00000000c4100000, 0x00000000c4200000|  0%| F|  |TAMS 0x00000000c4100000, 0x00000000c4100000| Untracked 
|  26|0x00000000c4200000, 0x00000000c4200000, 0x00000000c4300000|  0%| F|  |TAMS 0x00000000c4200000, 0x00000000c4200000| Untracked 
|  27|0x00000000c4300000, 0x00000000c4300000, 0x00000000c4400000|  0%| F|  |TAMS 0x00000000c4300000, 0x00000000c4300000| Untracked 
|  28|0x00000000c4400000, 0x00000000c4400000, 0x00000000c4500000|  0%| F|  |TAMS 0x00000000c4400000, 0x00000000c4400000| Untracked 
|  29|0x00000000c4500000, 0x00000000c4500000, 0x00000000c4600000|  0%| F|  |TAMS 0x00000000c4500000, 0x00000000c4500000| Untracked 
|  30|0x00000000c4600000, 0x00000000c4600000, 0x00000000c4700000|  0%| F|  |TAMS 0x00000000c4600000, 0x00000000c4600000| Untracked 
|  31|0x00000000c4700000, 0x00000000c4700000, 0x00000000c4800000|  0%| F|  |TAMS 0x00000000c4700000, 0x00000000c4700000| Untracked 
|  32|0x00000000c4800000, 0x00000000c4800000, 0x00000000c4900000|  0%| F|  |TAMS 0x00000000c4800000, 0x00000000c4800000| Untracked 
|  33|0x00000000c4900000, 0x00000000c4900000, 0x00000000c4a00000|  0%| F|  |TAMS 0x00000000c4900000, 0x00000000c4900000| Untracked 
|  34|0x00000000c4a00000, 0x00000000c4a00000, 0x00000000c4b00000|  0%| F|  |TAMS 0x00000000c4a00000, 0x00000000c4a00000| Untracked 
|  35|0x00000000c4b00000, 0x00000000c4b00000, 0x00000000c4c00000|  0%| F|  |TAMS 0x00000000c4b00000, 0x00000000c4b00000| Untracked 
|  36|0x00000000c4c00000, 0x00000000c4c00000, 0x00000000c4d00000|  0%| F|  |TAMS 0x00000000c4c00000, 0x00000000c4c00000| Untracked 
|  37|0x00000000c4d00000, 0x00000000c4d00000, 0x00000000c4e00000|  0%| F|  |TAMS 0x00000000c4d00000, 0x00000000c4d00000| Untracked 
|  38|0x00000000c4e00000, 0x00000000c4e00000, 0x00000000c4f00000|  0%| F|  |TAMS 0x00000000c4e00000, 0x00000000c4e00000| Untracked 
|  39|0x00000000c4f00000, 0x00000000c4f00000, 0x00000000c5000000|  0%| F|  |TAMS 0x00000000c4f00000, 0x00000000c4f00000| Untracked 
|  40|0x00000000c5000000, 0x00000000c5000000, 0x00000000c5100000|  0%| F|  |TAMS 0x00000000c5000000, 0x00000000c5000000| Untracked 
|  41|0x00000000c5100000, 0x00000000c5100000, 0x00000000c5200000|  0%| F|  |TAMS 0x00000000c5100000, 0x00000000c5100000| Untracked 
|  42|0x00000000c5200000, 0x00000000c5200000, 0x00000000c5300000|  0%| F|  |TAMS 0x00000000c5200000, 0x00000000c5200000| Untracked 
|  43|0x00000000c5300000, 0x00000000c5300000, 0x00000000c5400000|  0%| F|  |TAMS 0x00000000c5300000, 0x00000000c5300000| Untracked 
|  44|0x00000000c5400000, 0x00000000c5400000, 0x00000000c5500000|  0%| F|  |TAMS 0x00000000c5400000, 0x00000000c5400000| Untracked 
|  45|0x00000000c5500000, 0x00000000c55c8da8, 0x00000000c5600000| 78%| E|  |TAMS 0x00000000c5500000, 0x00000000c5500000| Complete 
|  46|0x00000000c5600000, 0x00000000c5700000, 0x00000000c5700000|100%| E|CS|TAMS 0x00000000c5600000, 0x00000000c5600000| Complete 
|  47|0x00000000c5700000, 0x00000000c5800000, 0x00000000c5800000|100%| E|CS|TAMS 0x00000000c5700000, 0x00000000c5700000| Complete 
|  48|0x00000000c5800000, 0x00000000c5900000, 0x00000000c5900000|100%| E|CS|TAMS 0x00000000c5800000, 0x00000000c5800000| Complete 
|  49|0x00000000c5900000, 0x00000000c5a00000, 0x00000000c5a00000|100%| E|CS|TAMS 0x00000000c5900000, 0x00000000c5900000| Complete 
|  50|0x00000000c5a00000, 0x00000000c5b00000, 0x00000000c5b00000|100%| E|CS|TAMS 0x00000000c5a00000, 0x00000000c5a00000| Complete 
|  51|0x00000000c5b00000, 0x00000000c5c00000, 0x00000000c5c00000|100%| E|CS|TAMS 0x00000000c5b00000, 0x00000000c5b00000| Complete 
|  52|0x00000000c5c00000, 0x00000000c5d00000, 0x00000000c5d00000|100%| E|CS|TAMS 0x00000000c5c00000, 0x00000000c5c00000| Complete 
|  53|0x00000000c5d00000, 0x00000000c5e00000, 0x00000000c5e00000|100%| E|CS|TAMS 0x00000000c5d00000, 0x00000000c5d00000| Complete 
|  54|0x00000000c5e00000, 0x00000000c5f00000, 0x00000000c5f00000|100%| E|CS|TAMS 0x00000000c5e00000, 0x00000000c5e00000| Complete 
|  55|0x00000000c5f00000, 0x00000000c6000000, 0x00000000c6000000|100%| E|CS|TAMS 0x00000000c5f00000, 0x00000000c5f00000| Complete 
|  61|0x00000000c6500000, 0x00000000c6600000, 0x00000000c6600000|100%| E|CS|TAMS 0x00000000c6500000, 0x00000000c6500000| Complete 

Card table byte_map: [0x00000237fa7c0000,0x00000237fa9b0000] _byte_map_base: 0x00000237fa1ac000

Marking Bits (Prev, Next): (CMBitMap*) 0x00000237fac230c0, (CMBitMap*) 0x00000237fac23080
 Prev Bits: [0x00000237fec10000, 0x00000237ffb70000)
 Next Bits: [0x00000237fdcb0000, 0x00000237fec10000)

Polling page: 0x00000237f8b10000

Metaspace:

Usage:
  Non-class:     22.26 MB used.
      Class:      3.63 MB used.
       Both:     25.89 MB used.

Virtual space:
  Non-class space:       24.00 MB reserved,      22.44 MB ( 93%) committed,  3 nodes.
      Class space:        1.00 GB reserved,       3.81 MB ( <1%) committed,  1 nodes.
             Both:        1.02 GB reserved,      26.25 MB (  3%) committed. 

Chunk freelists:
   Non-Class:  1.11 MB
       Class:  32.00 KB
        Both:  1.14 MB

MaxMetaspaceSize: unlimited
CompressedClassSpaceSize: 1.00 GB
Initial GC threshold: 21.00 MB
Current GC threshold: 35.12 MB
CDS: on
MetaspaceReclaimPolicy: balanced
 - commit_granule_bytes: 65536.
 - commit_granule_words: 8192.
 - virtual_space_node_default_size: 1048576.
 - enlarge_chunks_in_place: 1.
 - new_chunks_are_fully_committed: 0.
 - uncommit_free_chunks: 1.
 - use_allocation_guard: 0.
 - handle_deallocations: 1.


Internal statistics:

num_allocs_failed_limit: 3.
num_arena_births: 520.
num_arena_deaths: 0.
num_vsnodes_births: 4.
num_vsnodes_deaths: 0.
num_space_committed: 420.
num_space_uncommitted: 0.
num_chunks_returned_to_freelist: 3.
num_chunks_taken_from_freelist: 1460.
num_chunk_merges: 3.
num_chunk_splits: 978.
num_chunks_enlarged: 691.
num_purges: 0.
num_inconsistent_stats: 0.

CodeCache: size=49152Kb used=7858Kb max_used=7858Kb free=41293Kb
 bounds [0x00000237facb0000, 0x00000237fb460000, 0x00000237fdcb0000]
 total_blobs=4426 nmethods=3916 adapters=437
 compilation: enabled
              stopped_count=0, restarted_count=0
 full_count=0

Compilation events (20 events):
Event: 16.525 Thread 0x00000237ffeadf80 3907       1       sun.nio.ch.Util::getTemporaryDirectBuffer (55 bytes)
Event: 16.526 Thread 0x00000237ffeadf80 nmethod 3907 0x00000237fb459a90 code [0x00000237fb459ca0, 0x00000237fb45a088]
Event: 16.526 Thread 0x000002378a10b6c0 3908       1       sun.nio.ch.Util$BufferCache::get (164 bytes)
Event: 16.527 Thread 0x000002378a10b6c0 nmethod 3908 0x00000237fb45a290 code [0x00000237fb45a460, 0x00000237fb45a838]
Event: 16.527 Thread 0x00000237ffeadf80 3909       1       sun.nio.ch.Util$BufferCache::next (8 bytes)
Event: 16.527 Thread 0x00000237ffeadf80 nmethod 3909 0x00000237fb45aa90 code [0x00000237fb45ac20, 0x00000237fb45ad18]
Event: 16.527 Thread 0x000002378a10b6c0 3910       1       java.nio.MappedByteBuffer::position (6 bytes)
Event: 16.527 Thread 0x000002378a10b6c0 nmethod 3910 0x00000237fb45ad90 code [0x00000237fb45af20, 0x00000237fb45b008]
Event: 16.528 Thread 0x00000237ffeadf80 3911       1       sun.nio.ch.Util::offerFirstTemporaryDirectBuffer (53 bytes)
Event: 16.528 Thread 0x000002378a10b6c0 3912       1       sun.nio.ch.Util::isBufferTooLarge (8 bytes)
Event: 16.528 Thread 0x000002378a10b6c0 nmethod 3912 0x00000237fb45b090 code [0x00000237fb45b220, 0x00000237fb45b2f8]
Event: 16.528 Thread 0x000002378a10b6c0 3913       1       sun.nio.ch.Util$BufferCache::offerFirst (73 bytes)
Event: 16.528 Thread 0x00000237ffeadf80 nmethod 3911 0x00000237fb45b390 code [0x00000237fb45b580, 0x00000237fb45b878]
Event: 16.529 Thread 0x000002378a10b6c0 nmethod 3913 0x00000237fb45ba90 code [0x00000237fb45bc40, 0x00000237fb45be78]
Event: 16.532 Thread 0x000002378a10b6c0 3914       1       org.springframework.data.repository.config.PropertiesBasedNamedQueriesFactoryBean::getObjectType (3 bytes)
Event: 16.532 Thread 0x000002378a10b6c0 nmethod 3914 0x00000237fb45bf90 code [0x00000237fb45c120, 0x00000237fb45c1f8]
Event: 16.532 Thread 0x00000237ffeadf80 3915       1       org.springframework.data.repository.core.support.RepositoryFragmentsFactoryBean::getObjectType (3 bytes)
Event: 16.532 Thread 0x00000237ffeadf80 nmethod 3915 0x00000237fb45c290 code [0x00000237fb45c420, 0x00000237fb45c4f8]
Event: 16.532 Thread 0x000002378a10b6c0 3916       1       org.springframework.data.repository.core.support.RepositoryFactoryBeanSupport::getObjectType (5 bytes)
Event: 16.532 Thread 0x000002378a10b6c0 nmethod 3916 0x00000237fb45c590 code [0x00000237fb45c720, 0x00000237fb45c7f8]

GC Heap History (18 events):
Event: 1.382 GC heap before
{Heap before GC invocations=0 (full 0):
 garbage-first heap   total 63488K, used 6144K [0x00000000c2800000, 0x0000000100000000)
  region size 1024K, 6 young (6144K), 0 survivors (0K)
 Metaspace       used 318K, committed 512K, reserved 1056768K
  class space    used 18K, committed 128K, reserved 1048576K
}
Event: 1.392 GC heap after
{Heap after GC invocations=1 (full 0):
 garbage-first heap   total 63488K, used 5284K [0x00000000c2800000, 0x0000000100000000)
  region size 1024K, 1 young (1024K), 1 survivors (1024K)
 Metaspace       used 318K, committed 512K, reserved 1056768K
  class space    used 18K, committed 128K, reserved 1048576K
}
Event: 1.911 GC heap before
{Heap before GC invocations=1 (full 0):
 garbage-first heap   total 63488K, used 7332K [0x00000000c2800000, 0x0000000100000000)
  region size 1024K, 3 young (3072K), 1 survivors (1024K)
 Metaspace       used 1856K, committed 1984K, reserved 1056768K
  class space    used 219K, committed 320K, reserved 1048576K
}
Event: 1.915 GC heap after
{Heap after GC invocations=2 (full 0):
 garbage-first heap   total 63488K, used 6194K [0x00000000c2800000, 0x0000000100000000)
  region size 1024K, 1 young (1024K), 1 survivors (1024K)
 Metaspace       used 1856K, committed 1984K, reserved 1056768K
  class space    used 219K, committed 320K, reserved 1048576K
}
Event: 3.203 GC heap before
{Heap before GC invocations=2 (full 0):
 garbage-first heap   total 63488K, used 12338K [0x00000000c2800000, 0x0000000100000000)
  region size 1024K, 7 young (7168K), 1 survivors (1024K)
 Metaspace       used 5851K, committed 6016K, reserved 1056768K
  class space    used 722K, committed 832K, reserved 1048576K
}
Event: 3.211 GC heap after
{Heap after GC invocations=3 (full 0):
 garbage-first heap   total 63488K, used 7305K [0x00000000c2800000, 0x0000000100000000)
  region size 1024K, 1 young (1024K), 1 survivors (1024K)
 Metaspace       used 5851K, committed 6016K, reserved 1056768K
  class space    used 722K, committed 832K, reserved 1048576K
}
Event: 4.486 GC heap before
{Heap before GC invocations=3 (full 0):
 garbage-first heap   total 63488K, used 18569K [0x00000000c2800000, 0x0000000100000000)
  region size 1024K, 13 young (13312K), 1 survivors (1024K)
 Metaspace       used 7714K, committed 8000K, reserved 1056768K
  class space    used 1002K, committed 1152K, reserved 1048576K
}
Event: 4.494 GC heap after
{Heap after GC invocations=4 (full 0):
 garbage-first heap   total 63488K, used 8221K [0x00000000c2800000, 0x0000000100000000)
  region size 1024K, 2 young (2048K), 2 survivors (2048K)
 Metaspace       used 7714K, committed 8000K, reserved 1056768K
  class space    used 1002K, committed 1152K, reserved 1048576K
}
Event: 6.653 GC heap before
{Heap before GC invocations=4 (full 0):
 garbage-first heap   total 63488K, used 28701K [0x00000000c2800000, 0x0000000100000000)
  region size 1024K, 23 young (23552K), 2 survivors (2048K)
 Metaspace       used 11895K, committed 12096K, reserved 1064960K
  class space    used 1631K, committed 1728K, reserved 1048576K
}
Event: 6.666 GC heap after
{Heap after GC invocations=5 (full 0):
 garbage-first heap   total 63488K, used 9986K [0x00000000c2800000, 0x0000000100000000)
  region size 1024K, 3 young (3072K), 3 survivors (3072K)
 Metaspace       used 11895K, committed 12096K, reserved 1064960K
  class space    used 1631K, committed 1728K, reserved 1048576K
}
Event: 9.353 GC heap before
{Heap before GC invocations=5 (full 0):
 garbage-first heap   total 63488K, used 40706K [0x00000000c2800000, 0x0000000100000000)
  region size 1024K, 34 young (34816K), 3 survivors (3072K)
 Metaspace       used 18436K, committed 18752K, reserved 1064960K
  class space    used 2497K, committed 2688K, reserved 1048576K
}
Event: 9.372 GC heap after
{Heap after GC invocations=6 (full 0):
 garbage-first heap   total 63488K, used 12483K [0x00000000c2800000, 0x0000000100000000)
  region size 1024K, 5 young (5120K), 5 survivors (5120K)
 Metaspace       used 18436K, committed 18752K, reserved 1064960K
  class space    used 2497K, committed 2688K, reserved 1048576K
}
Event: 12.249 GC heap before
{Heap before GC invocations=6 (full 0):
 garbage-first heap   total 63488K, used 41155K [0x00000000c2800000, 0x0000000100000000)
  region size 1024K, 34 young (34816K), 5 survivors (5120K)
 Metaspace       used 20571K, committed 20992K, reserved 1073152K
  class space    used 2789K, committed 3008K, reserved 1048576K
}
Event: 12.271 GC heap after
{Heap after GC invocations=7 (full 0):
 garbage-first heap   total 63488K, used 14923K [0x00000000c2800000, 0x0000000100000000)
  region size 1024K, 3 young (3072K), 3 survivors (3072K)
 Metaspace       used 20571K, committed 20992K, reserved 1073152K
  class space    used 2789K, committed 3008K, reserved 1048576K
}
Event: 12.612 GC heap before
{Heap before GC invocations=7 (full 0):
 garbage-first heap   total 63488K, used 20043K [0x00000000c2800000, 0x0000000100000000)
  region size 1024K, 9 young (9216K), 3 survivors (3072K)
 Metaspace       used 21144K, committed 21504K, reserved 1073152K
  class space    used 2879K, committed 3072K, reserved 1048576K
}
Event: 12.622 GC heap after
{Heap after GC invocations=8 (full 0):
 garbage-first heap   total 63488K, used 15288K [0x00000000c2800000, 0x0000000100000000)
  region size 1024K, 1 young (1024K), 1 survivors (1024K)
 Metaspace       used 21144K, committed 21504K, reserved 1073152K
  class space    used 2879K, committed 3072K, reserved 1048576K
}
Event: 15.198 GC heap before
{Heap before GC invocations=9 (full 0):
 garbage-first heap   total 58368K, used 47032K [0x00000000c2800000, 0x0000000100000000)
  region size 1024K, 32 young (32768K), 1 survivors (1024K)
 Metaspace       used 25037K, committed 25408K, reserved 1073152K
  class space    used 3473K, committed 3648K, reserved 1048576K
}
Event: 15.208 GC heap after
{Heap after GC invocations=10 (full 0):
 garbage-first heap   total 58368K, used 17369K [0x00000000c2800000, 0x0000000100000000)
  region size 1024K, 3 young (3072K), 3 survivors (3072K)
 Metaspace       used 25037K, committed 25408K, reserved 1073152K
  class space    used 3473K, committed 3648K, reserved 1048576K
}

Deoptimization events (4 events):
Event: 7.763 Thread 0x000002378aa9b220 DEOPT PACKING pc=0x00000237fb1a2b99 sp=0x000000e59e6fc860
Event: 7.763 Thread 0x000002378aa9b220 DEOPT UNPACKING pc=0x00000237fad02b43 sp=0x000000e59e6fbd40 mode 3
Event: 9.178 Thread 0x000002378aa9b220 DEOPT PACKING pc=0x00000237fb212a55 sp=0x000000e59e6fdbb0
Event: 9.178 Thread 0x000002378aa9b220 DEOPT UNPACKING pc=0x00000237fad02b43 sp=0x000000e59e6fd060 mode 3

Classes unloaded (0 events):
No events

Classes redefined (0 events):
No events

Internal exceptions (20 events):
Event: 14.787 Thread 0x000002378aa9b220 Exception <a 'java/lang/NoSuchMethodError'{0x00000000c44986c8}: 'java.lang.Object java.lang.invoke.DirectMethodHandle$Holder.invokeSpecial(java.lang.Object, java.lang.Object, java.lang.Object, java.lang.Object, java.lang.Object, java.lang.Object, java.lang.Object, java.lang.Object, java.lang.Object, java.lang.Object, java.lang.Object, java.lang.Object, java.lang.Object, java.lang.Object, java.lang.Object)'> (0x00000000c44986c8) 
thrown [s\open\src\hotspot\share\interpreter\linkResolver.cpp, line 759]
Event: 14.795 Thread 0x000002378aa9b220 Exception <a 'java/lang/NoSuchMethodError'{0x00000000c44a81a0}: 'int java.lang.invoke.DirectMethodHandle$Holder.invokeVirtual(java.lang.Object, java.lang.Object, java.lang.Object)'> (0x00000000c44a81a0) 
thrown [s\open\src\hotspot\share\interpreter\linkResolver.cpp, line 759]
Event: 14.796 Thread 0x000002378aa9b220 Exception <a 'java/lang/NoSuchMethodError'{0x00000000c44ac640}: 'int java.lang.invoke.DirectMethodHandle$Holder.invokeStaticInit(java.lang.Object, int, int)'> (0x00000000c44ac640) 
thrown [s\open\src\hotspot\share\interpreter\linkResolver.cpp, line 759]
Event: 14.797 Thread 0x000002378aa9b220 Exception <a 'java/lang/NoSuchMethodError'{0x00000000c44b3e30}: 'int java.lang.invoke.DirectMethodHandle$Holder.invokeStaticInit(java.lang.Object, long, long)'> (0x00000000c44b3e30) 
thrown [s\open\src\hotspot\share\interpreter\linkResolver.cpp, line 759]
Event: 14.798 Thread 0x000002378aa9b220 Exception <a 'java/lang/NoSuchMethodError'{0x00000000c44baf10}: 'int java.lang.invoke.DirectMethodHandle$Holder.invokeStaticInit(java.lang.Object, float, float)'> (0x00000000c44baf10) 
thrown [s\open\src\hotspot\share\interpreter\linkResolver.cpp, line 759]
Event: 14.800 Thread 0x000002378aa9b220 Exception <a 'java/lang/NoSuchMethodError'{0x00000000c44c1d68}: 'int java.lang.invoke.DirectMethodHandle$Holder.invokeStaticInit(java.lang.Object, double, double)'> (0x00000000c44c1d68) 
thrown [s\open\src\hotspot\share\interpreter\linkResolver.cpp, line 759]
Event: 14.801 Thread 0x000002378aa9b220 Exception <a 'java/lang/NoSuchMethodError'{0x00000000c44c6258}: 'int java.lang.invoke.DirectMethodHandle$Holder.invokeStatic(java.lang.Object, long)'> (0x00000000c44c6258) 
thrown [s\open\src\hotspot\share\interpreter\linkResolver.cpp, line 759]
Event: 14.807 Thread 0x000002378aa9b220 Exception <a 'java/lang/NoSuchMethodError'{0x00000000c44eac70}: 'int java.lang.invoke.DirectMethodHandle$Holder.invokeSpecial(java.lang.Object, java.lang.Object, int)'> (0x00000000c44eac70) 
thrown [s\open\src\hotspot\share\interpreter\linkResolver.cpp, line 759]
Event: 14.809 Thread 0x000002378aa9b220 Exception <a 'java/lang/NoSuchMethodError'{0x00000000c44f2568}: 'int java.lang.invoke.Invokers$Holder.linkToTargetMethod(java.lang.Object, java.lang.Object)'> (0x00000000c44f2568) 
thrown [s\open\src\hotspot\share\interpreter\linkResolver.cpp, line 759]
Event: 14.846 Thread 0x000002378aa9b220 Exception <a 'java/lang/NoSuchMethodError'{0x00000000c43948a8}: 'java.lang.Object java.lang.invoke.DirectMethodHandle$Holder.invokeSpecial(java.lang.Object, java.lang.Object, java.lang.Object, java.lang.Object, java.lang.Object, java.lang.Object, java.lang.Object, java.lang.Object, java.lang.Object, java.lang.Object)'> (0x00000000c43948a8) 
thrown [s\open\src\hotspot\share\interpreter\linkResolver.cpp, line 759]
Event: 14.846 Thread 0x000002378aa9b220 Exception <a 'java/lang/NoSuchMethodError'{0x00000000c4399138}: 'java.lang.Object java.lang.invoke.Invokers$Holder.invoke_MT(java.lang.Object, java.lang.Object, java.lang.Object, java.lang.Object, java.lang.Object, java.lang.Object, java.lang.Object, java.lang.Object, java.lang.Object, java.lang.Object)'> (0x00000000c4399138) 
thrown [s\open\src\hotspot\share\interpreter\linkResolver.cpp, line 759]
Event: 14.890 Thread 0x000002378aa9b220 Exception <a 'java/lang/NoSuchMethodError'{0x00000000c43da690}: 'java.lang.Object java.lang.invoke.DirectMethodHandle$Holder.invokeSpecial(java.lang.Object, java.lang.Object, int, java.lang.Object, java.lang.Object)'> (0x00000000c43da690) 
thrown [s\open\src\hotspot\share\interpreter\linkResolver.cpp, line 759]
Event: 14.893 Thread 0x000002378aa9b220 Exception <a 'java/lang/NoSuchMethodError'{0x00000000c43de338}: 'java.lang.Object java.lang.invoke.DelegatingMethodHandle$Holder.delegate(java.lang.Object, int, java.lang.Object, java.lang.Object)'> (0x00000000c43de338) 
thrown [s\open\src\hotspot\share\interpreter\linkResolver.cpp, line 759]
Event: 14.902 Thread 0x000002378aa9b220 Exception <a 'java/lang/NoSuchMethodError'{0x00000000c43ef1c0}: 'int java.lang.invoke.Invokers$Holder.linkToTargetMethod(java.lang.Object, java.lang.Object, java.lang.Object)'> (0x00000000c43ef1c0) 
thrown [s\open\src\hotspot\share\interpreter\linkResolver.cpp, line 759]
Event: 15.221 Thread 0x000002378aa9b220 Exception <a 'java/lang/NoClassDefFoundError'{0x00000000c652b3f0}: org/flywaydb/core/Flyway> (0x00000000c652b3f0) 
thrown [s\open\src\hotspot\share\classfile\systemDictionary.cpp, line 245]
Event: 15.221 Thread 0x000002378aa9b220 Exception <a 'java/lang/NoClassDefFoundError'{0x00000000c652d4a0}: liquibase/integration/spring/SpringLiquibase> (0x00000000c652d4a0) 
thrown [s\open\src\hotspot\share\classfile\systemDictionary.cpp, line 245]
Event: 15.783 Thread 0x000002378aa9b220 Exception <a 'java/lang/NoClassDefFoundError'{0x00000000c5d330c0}: org/jooq/DSLContext> (0x00000000c5d330c0) 
thrown [s\open\src\hotspot\share\classfile\systemDictionary.cpp, line 245]
Event: 15.786 Thread 0x000002378aa9b220 Exception <a 'java/lang/NoClassDefFoundError'{0x00000000c5d48ab0}: org/springframework/batch/core/repository/JobRepository> (0x00000000c5d48ab0) 
thrown [s\open\src\hotspot\share\classfile\systemDictionary.cpp, line 245]
Event: 15.786 Thread 0x000002378aa9b220 Exception <a 'java/lang/NoClassDefFoundError'{0x00000000c5d4a8c0}: org/quartz/Scheduler> (0x00000000c5d4a8c0) 
thrown [s\open\src\hotspot\share\classfile\systemDictionary.cpp, line 245]
Event: 15.788 Thread 0x000002378aa9b220 Exception <a 'java/lang/NoClassDefFoundError'{0x00000000c5d4cbb8}: org/springframework/session/jdbc/JdbcIndexedSessionRepository> (0x00000000c5d4cbb8) 
thrown [s\open\src\hotspot\share\classfile\systemDictionary.cpp, line 245]

VM Operations (20 events):
Event: 13.560 Executing VM operation: HandshakeAllThreads
Event: 13.560 Executing VM operation: HandshakeAllThreads done
Event: 13.566 Executing VM operation: HandshakeAllThreads
Event: 13.566 Executing VM operation: HandshakeAllThreads done
Event: 13.814 Executing VM operation: HandshakeAllThreads
Event: 13.815 Executing VM operation: HandshakeAllThreads done
Event: 13.815 Executing VM operation: Cleanup
Event: 13.815 Executing VM operation: Cleanup done
Event: 14.149 Executing VM operation: HandshakeAllThreads
Event: 14.149 Executing VM operation: HandshakeAllThreads done
Event: 14.815 Executing VM operation: HandshakeAllThreads
Event: 14.815 Executing VM operation: HandshakeAllThreads done
Event: 14.823 Executing VM operation: HandshakeAllThreads
Event: 14.823 Executing VM operation: HandshakeAllThreads done
Event: 14.823 Executing VM operation: Cleanup
Event: 14.825 Executing VM operation: Cleanup done
Event: 15.198 Executing VM operation: G1CollectForAllocation
Event: 15.208 Executing VM operation: G1CollectForAllocation done
Event: 15.590 Executing VM operation: HandshakeAllThreads
Event: 15.590 Executing VM operation: HandshakeAllThreads done

Events (20 events):
Event: 15.885 loading class java/security/PublicKey done
Event: 15.885 loading class java/security/interfaces/RSAKey
Event: 15.885 loading class java/security/interfaces/RSAKey done
Event: 15.885 loading class java/security/interfaces/RSAPublicKey done
Event: 15.887 loading class java/security/interfaces/RSAPrivateKey
Event: 15.887 loading class java/security/PrivateKey
Event: 15.887 loading class javax/security/auth/Destroyable
Event: 15.887 loading class javax/security/auth/Destroyable done
Event: 15.887 loading class java/security/PrivateKey done
Event: 15.887 loading class java/security/interfaces/RSAPrivateKey done
Event: 15.937 loading class javax/naming/NameNotFoundException
Event: 15.937 loading class javax/naming/NameNotFoundException done
Event: 16.097 loading class java/lang/Class$EnclosingMethodInfo
Event: 16.097 loading class java/lang/Class$EnclosingMethodInfo done
Event: 16.305 loading class jdk/internal/vm/annotation/IntrinsicCandidate
Event: 16.305 loading class jdk/internal/vm/annotation/IntrinsicCandidate done
Event: 16.453 loading class java/nio/file/InvalidPathException
Event: 16.453 loading class java/nio/file/InvalidPathException done
Event: 16.455 loading class java/lang/UnsatisfiedLinkError
Event: 16.455 loading class java/lang/UnsatisfiedLinkError done


Dynamic libraries:
0x00007ff6e47f0000 - 0x00007ff6e4800000 	C:\Program Files\Java\jdk-17\bin\javaw.exe
0x00007ffc730f0000 - 0x00007ffc732e8000 	C:\Windows\SYSTEM32\ntdll.dll
0x00007ffc71ed0000 - 0x00007ffc71f91000 	C:\Windows\System32\KERNEL32.DLL
0x00007ffc70ae0000 - 0x00007ffc70ddd000 	C:\Windows\System32\KERNELBASE.dll
0x00007ffc70e10000 - 0x00007ffc70f10000 	C:\Windows\System32\ucrtbase.dll
0x00007ffc6bd90000 - 0x00007ffc6bda9000 	C:\Program Files\Java\jdk-17\bin\jli.dll
0x00007ffc72e40000 - 0x00007ffc72ef0000 	C:\Windows\System32\ADVAPI32.dll
0x00007ffc71890000 - 0x00007ffc7192e000 	C:\Windows\System32\msvcrt.dll
0x00007ffc723b0000 - 0x00007ffc72450000 	C:\Windows\System32\sechost.dll
0x00007ffc72f80000 - 0x00007ffc730a3000 	C:\Windows\System32\RPCRT4.dll
0x00007ffc70de0000 - 0x00007ffc70e07000 	C:\Windows\System32\bcrypt.dll
0x00007ffc71bf0000 - 0x00007ffc71d8d000 	C:\Windows\System32\USER32.dll
0x00007ffc70ab0000 - 0x00007ffc70ad2000 	C:\Windows\System32\win32u.dll
0x00007ffc72f50000 - 0x00007ffc72f7b000 	C:\Windows\System32\GDI32.dll
0x00007ffc70fb0000 - 0x00007ffc710c7000 	C:\Windows\System32\gdi32full.dll
0x00007ffc70f10000 - 0x00007ffc70fad000 	C:\Windows\System32\msvcp_win.dll
0x00007ffc6bc90000 - 0x00007ffc6bcab000 	C:\Program Files\Java\jdk-17\bin\VCRUNTIME140.dll
0x00007ffc60190000 - 0x00007ffc6042a000 	C:\Windows\WinSxS\amd64_microsoft.windows.common-controls_6595b64144ccf1df_6.0.19041.4355_none_60b8b9eb71f62e16\COMCTL32.dll
0x00007ffc66470000 - 0x00007ffc6647a000 	C:\Windows\SYSTEM32\VERSION.dll
0x00007ffc729a0000 - 0x00007ffc729cf000 	C:\Windows\System32\IMM32.DLL
0x00007ffc6bd70000 - 0x00007ffc6bd7c000 	C:\Program Files\Java\jdk-17\bin\vcruntime140_1.dll
0x00007ffc4e8f0000 - 0x00007ffc4e97e000 	C:\Program Files\Java\jdk-17\bin\msvcp140.dll
0x00007ffbf9410000 - 0x00007ffbf9fed000 	C:\Program Files\Java\jdk-17\bin\server\jvm.dll
0x00007ffc71ec0000 - 0x00007ffc71ec8000 	C:\Windows\System32\PSAPI.DLL
0x00007ffc6ce00000 - 0x00007ffc6ce09000 	C:\Windows\SYSTEM32\WSOCK32.dll
0x00007ffc727d0000 - 0x00007ffc7283b000 	C:\Windows\System32\WS2_32.dll
0x00007ffc66440000 - 0x00007ffc66467000 	C:\Windows\SYSTEM32\WINMM.dll
0x00007ffc6e620000 - 0x00007ffc6e632000 	C:\Windows\SYSTEM32\kernel.appcore.dll
0x00007ffc6bd30000 - 0x00007ffc6bd3a000 	C:\Program Files\Java\jdk-17\bin\jimage.dll
0x00007ffc666f0000 - 0x00007ffc668d4000 	C:\Windows\SYSTEM32\DBGHELP.DLL
0x00007ffc5b7e0000 - 0x00007ffc5b814000 	C:\Windows\SYSTEM32\dbgcore.DLL
0x00007ffc70970000 - 0x00007ffc709f2000 	C:\Windows\System32\bcryptPrimitives.dll
0x00007ffc6b540000 - 0x00007ffc6b565000 	C:\Program Files\Java\jdk-17\bin\java.dll
0x00007ffc4e810000 - 0x00007ffc4e8e7000 	C:\Program Files\Java\jdk-17\bin\jsvml.dll
0x00007ffc71120000 - 0x00007ffc7188f000 	C:\Windows\System32\SHELL32.dll
0x00007ffc6e820000 - 0x00007ffc6efc3000 	C:\Windows\SYSTEM32\windows.storage.dll
0x00007ffc72470000 - 0x00007ffc727c3000 	C:\Windows\System32\combase.dll
0x00007ffc70160000 - 0x00007ffc7018e000 	C:\Windows\SYSTEM32\Wldp.dll
0x00007ffc728d0000 - 0x00007ffc7299d000 	C:\Windows\System32\OLEAUT32.dll
0x00007ffc71e10000 - 0x00007ffc71ebd000 	C:\Windows\System32\SHCORE.dll
0x00007ffc72120000 - 0x00007ffc72175000 	C:\Windows\System32\shlwapi.dll
0x00007ffc706d0000 - 0x00007ffc706f4000 	C:\Windows\SYSTEM32\profapi.dll
0x00007ffc6b4c0000 - 0x00007ffc6b4d9000 	C:\Program Files\Java\jdk-17\bin\net.dll
0x00007ffc61370000 - 0x00007ffc6147d000 	C:\Windows\SYSTEM32\WINHTTP.dll
0x00007ffc6fe60000 - 0x00007ffc6feca000 	C:\Windows\system32\mswsock.dll
0x00007ffc6b3f0000 - 0x00007ffc6b406000 	C:\Program Files\Java\jdk-17\bin\nio.dll
0x00007ffc6b3d0000 - 0x00007ffc6b3e8000 	C:\Program Files\Java\jdk-17\bin\zip.dll
0x00007ffc6b490000 - 0x00007ffc6b49a000 	C:\Program Files\Java\jdk-17\bin\management.dll
0x00007ffc6b360000 - 0x00007ffc6b36b000 	C:\Program Files\Java\jdk-17\bin\management_ext.dll
0x00007ffc536d0000 - 0x00007ffc536e7000 	C:\Windows\system32\napinsp.dll
0x00007ffc536b0000 - 0x00007ffc536cb000 	C:\Windows\system32\pnrpnsp.dll
0x00007ffc53690000 - 0x00007ffc536a5000 	C:\Windows\system32\wshbth.dll
0x00007ffc6bc70000 - 0x00007ffc6bc8d000 	C:\Windows\system32\NLAapi.dll
0x00007ffc6fb40000 - 0x00007ffc6fb7b000 	C:\Windows\SYSTEM32\IPHLPAPI.DLL
0x00007ffc6fb80000 - 0x00007ffc6fc4a000 	C:\Windows\SYSTEM32\DNSAPI.dll
0x00007ffc72190000 - 0x00007ffc72198000 	C:\Windows\System32\NSI.dll
0x00007ffc535b0000 - 0x00007ffc535c2000 	C:\Windows\System32\winrnr.dll
0x000000006cf50000 - 0x000000006cf76000 	C:\Program Files\Bonjour\mdnsNSP.dll
0x00007ffc5e480000 - 0x00007ffc5e48a000 	C:\Windows\System32\rasadhlp.dll
0x00007ffc5d890000 - 0x00007ffc5d910000 	C:\Windows\System32\fwpuclnt.dll
0x00007ffc700c0000 - 0x00007ffc700d8000 	C:\Windows\SYSTEM32\CRYPTSP.dll
0x00007ffc6f780000 - 0x00007ffc6f7b4000 	C:\Windows\system32\rsaenh.dll
0x00007ffc70650000 - 0x00007ffc7067e000 	C:\Windows\SYSTEM32\USERENV.dll
0x00007ffc700b0000 - 0x00007ffc700bc000 	C:\Windows\SYSTEM32\CRYPTBASE.dll
0x00007ffc63a30000 - 0x00007ffc63a47000 	C:\Windows\SYSTEM32\dhcpcsvc6.DLL
0x00007ffc66350000 - 0x00007ffc6636d000 	C:\Windows\SYSTEM32\dhcpcsvc.DLL
0x00007ffc6b350000 - 0x00007ffc6b35d000 	C:\Program Files\Java\jdk-17\bin\sunmscapi.dll
0x00007ffc70810000 - 0x00007ffc7096c000 	C:\Windows\System32\CRYPT32.dll
0x00007ffc701d0000 - 0x00007ffc701f9000 	C:\Windows\SYSTEM32\ncrypt.dll
0x00007ffc70190000 - 0x00007ffc701cb000 	C:\Windows\SYSTEM32\NTASN1.dll

dbghelp: loaded successfully - version: 4.0.5 - missing functions: none
symbol engine: initialized successfully - sym options: 0x614 - pdb path: .;C:\Program Files\Java\jdk-17\bin;C:\Windows\SYSTEM32;C:\Windows\WinSxS\amd64_microsoft.windows.common-controls_6595b64144ccf1df_6.0.19041.4355_none_60b8b9eb71f62e16;C:\Program Files\Java\jdk-17\bin\server;C:\Program Files\Bonjour

VM Arguments:
jvm_args: -Dcom.sun.management.jmxremote -Dcom.sun.management.jmxremote.port=50202 -Dcom.sun.management.jmxremote.authenticate=false -Dcom.sun.management.jmxremote.ssl=false -Djava.rmi.server.hostname=localhost -Dspring.jmx.enabled=true -Dmanagement.endpoints.jmx.exposure.include=* -Dspring.application.admin.enabled=true -XX:TieredStopAtLevel=1 -Dspring.boot.project.name=forFresher.in -Dfile.encoding=UTF-8 -Dstdout.encoding=UTF-8 -Dstderr.encoding=UTF-8 -XX:+ShowCodeDetailsInExceptionMessages 
java_command: in.forFresher.Application --spring.output.ansi.enabled=always
java_class_path (initial): C:\Users\VS_\Downloads\forFresher.in\forFresher.in\target\classes;C:\Users\VS_\.m2\repository\org\springframework\boot\spring-boot-starter-data-jpa\3.2.4\spring-boot-starter-data-jpa-3.2.4.jar;C:\Users\VS_\.m2\repository\org\springframework\boot\spring-boot-starter-aop\3.2.4\spring-boot-starter-aop-3.2.4.jar;C:\Users\VS_\.m2\repository\org\aspectj\aspectjweaver\1.9.21\aspectjweaver-1.9.21.jar;C:\Users\VS_\.m2\repository\org\springframework\boot\spring-boot-starter-jdbc\3.2.4\spring-boot-starter-jdbc-3.2.4.jar;C:\Users\VS_\.m2\repository\com\zaxxer\HikariCP\5.0.1\HikariCP-5.0.1.jar;C:\Users\VS_\.m2\repository\org\springframework\spring-jdbc\6.1.5\spring-jdbc-6.1.5.jar;C:\Users\VS_\.m2\repository\org\hibernate\orm\hibernate-core\6.4.4.Final\hibernate-core-6.4.4.Final.jar;C:\Users\VS_\.m2\repository\jakarta\persistence\jakarta.persistence-api\3.1.0\jakarta.persistence-api-3.1.0.jar;C:\Users\VS_\.m2\repository\jakarta\transaction\jakarta.transaction-api\2.0.1\jakarta.transaction-api-2.0.1.jar;C:\Users\VS_\.m2\repository\org\jboss\logging\jboss-logging\3.5.3.Final\jboss-logging-3.5.3.Final.jar;C:\Users\VS_\.m2\repository\org\hibernate\common\hibernate-commons-annotations\6.0.6.Final\hibernate-commons-annotations-6.0.6.Final.jar;C:\Users\VS_\.m2\repository\io\smallrye\jandex\3.1.2\jandex-3.1.2.jar;C:\Users\VS_\.m2\repository\com\fasterxml\classmate\1.6.0\classmate-1.6.0.jar;C:\Users\VS_\.m2\repository\net\bytebuddy\byte-buddy\1.14.12\byte-buddy-1.14.12.jar;C:\Users\VS_\.m2\repository\org\glassfish\jaxb\jaxb-runtime\4.0.5\jaxb-runtime-4.0.5.jar;C:\Users\VS_\.m2\repository\org\glassfish\jaxb\jaxb-core\4.0.5\jaxb-core-4.0.5.jar;C:\Users\VS_\.m2\repository\org\glassfish\jaxb\txw2\4.0.5\txw2-4.0.5.jar;C:\Users\VS_\.m2\repository\com\sun\istack\istack-commons-runtime\4.1.2\istack-commons-runtime-4.1.2.jar;C:\Users\VS_\.m2\repository\jakarta\inject\jakarta.inject-api\2.0.1\jakarta.inject-api-2.0.1.jar;C:\Users\VS_\.m2\repository\org\antlr\antlr4-runt
Launcher Type: SUN_STANDARD

[Global flags]
     intx CICompilerCount                          = 2                                         {product} {ergonomic}
     uint ConcGCThreads                            = 1                                         {product} {ergonomic}
     uint G1ConcRefinementThreads                  = 2                                         {product} {ergonomic}
   size_t G1HeapRegionSize                         = 1048576                                   {product} {ergonomic}
    uintx GCDrainStackTargetSize                   = 64                                        {product} {ergonomic}
   size_t InitialHeapSize                          = 65011712                                  {product} {ergonomic}
     bool ManagementServer                         = true                                      {product} {command line}
   size_t MarkStackSize                            = 4194304                                   {product} {ergonomic}
   size_t MaxHeapSize                              = 1031798784                                {product} {ergonomic}
   size_t MaxNewSize                               = 618659840                                 {product} {ergonomic}
   size_t MinHeapDeltaBytes                        = 1048576                                   {product} {ergonomic}
   size_t MinHeapSize                              = 8388608                                   {product} {ergonomic}
    uintx NonProfiledCodeHeapSize                  = 0                                      {pd product} {ergonomic}
     bool ProfileInterpreter                       = false                                  {pd product} {command line}
    uintx ProfiledCodeHeapSize                     = 0                                      {pd product} {ergonomic}
     bool ShowCodeDetailsInExceptionMessages       = true                                   {manageable} {command line}
   size_t SoftMaxHeapSize                          = 1031798784                             {manageable} {ergonomic}
     intx TieredStopAtLevel                        = 1                                         {product} {command line}
     bool UseCompressedClassPointers               = true                           {product lp64_product} {ergonomic}
     bool UseCompressedOops                        = true                           {product lp64_product} {ergonomic}
     bool UseG1GC                                  = true                                      {product} {ergonomic}
     bool UseLargePagesIndividualAllocation        = false                                  {pd product} {ergonomic}

Logging:
Log output configuration:
 #0: stdout all=warning uptime,level,tags
 #1: stderr all=off uptime,level,tags

Environment Variables:
JAVA_HOME=C:\Program Files\Java\jdk-17
PATH=C:/Users/VS_/.p2/pool/plugins/org.eclipse.justj.openjdk.hotspot.jre.full.win32.x86_64_22.0.0.v20240322-1225/jre/bin/server;C:/Users/VS_/.p2/pool/plugins/org.eclipse.justj.openjdk.hotspot.jre.full.win32.x86_64_22.0.0.v20240322-1225/jre/bin;C:\Program Files\Common Files\Oracle\Java\javapath;C:\Windows\system32;C:\Windows;C:\Windows\System32\Wbem;C:\Windows\System32\WindowsPowerShell\v1.0\;C:\Windows\System32\OpenSSH\;C:\Program Files\Git\cmd;C:\Program Files\nodejs\;C:\Program Files\Apache Software Foundation\apache-maven-3.9.1\apache-maven\src\bin;C:\ProgramData\chocolatey\bin;C:\Program Files\Java\jdk-17\bin;C:\Program Files\Java\jdk-15.0.2\bin;C:\xampp\php;C:\ProgramData\ComposerSetup\bin;C:\Program Files\PuTTY\;C:\Program Files\Apache Software Foundation\apache-maven-3.9.6\bin;C:\Users\VS_\AppData\Local\Programs\Python\Launcher\;C:\Program Files\MySQL\MySQL Shell 8.0\bin\;C:\Users\VS_\AppData\Local\Microsoft\WindowsApps;C:\Users\VS_\AppData\Local\Programs\Microsoft VS Code\bin;C:\Users\VS_\AppData\Roaming\npm;C:\Program Files\Apache Software Foundation\apache-maven-3.9.1\apache-maven\src\bin;C:\Users\VS_\AppData\Roaming\Composer\vendor\bin;C:\Program Files\Apache Software Foundation\apache-maven-3.9.6bin;C:\Windows\system32;
USERNAME=VS_
OS=Windows_NT
PROCESSOR_IDENTIFIER=AMD64 Family 21 Model 112 Stepping 0, AuthenticAMD



---------------  S Y S T E M  ---------------

OS:
 Windows 10 , 64 bit Build 19041 (10.0.19041.4842)
OS uptime: 3 days 1:06 hours

CPU: total 2 (initial active 2) (2 cores per cpu, 1 threads per core) family 21 model 112 stepping 0 microcode 0x0, cx8, cmov, fxsr, mmx, 3dnowpref, sse, sse2, sse3, ssse3, sse4a, sse4.1, sse4.2, popcnt, lzcnt, tsc, tscinvbit, avx, avx2, aes, clmul, bmi1, bmi2, fma, vzeroupper, clflush

Memory: 4k page, system-wide physical 3935M (182M free)
TotalPageFile size 16223M (AvailPageFile size 3M)
current process WorkingSet (physical memory assigned to process): 131M, peak: 131M
current process commit charge ("private bytes"): 168M, peak: 168M

vm_info: Java HotSpot(TM) 64-Bit Server VM (17.0.7+8-LTS-224) for windows-amd64 JRE (17.0.7+8-LTS-224), built on Feb 28 2023 23:03:02 by "mach5one" with MS VC++ 17.1 (VS2022)

END.
